[02-Oct-2023 14:14:00 UTC] PHP Warning:  Undefined variable $qsid in /Users/meroua16/Local Sites/planty-6/app/public/wp-content/plugins/child-theme-configurator/includes/classes/CSS.php on line 958
[02-Oct-2023 14:14:00 UTC] PHP Warning:  Undefined variable $qsid in /Users/meroua16/Local Sites/planty-6/app/public/wp-content/plugins/child-theme-configurator/includes/classes/CSS.php on line 960
[02-Oct-2023 14:14:00 UTC] PHP Warning:  Undefined variable $qsid in /Users/meroua16/Local Sites/planty-6/app/public/wp-content/plugins/child-theme-configurator/includes/classes/CSS.php on line 967
[02-Oct-2023 14:14:00 UTC] PHP Warning:  Undefined variable $qsid in /Users/meroua16/Local Sites/planty-6/app/public/wp-content/plugins/child-theme-configurator/includes/classes/CSS.php on line 968
[02-Oct-2023 14:14:00 UTC] PHP Warning:  Undefined variable $qsid in /Users/meroua16/Local Sites/planty-6/app/public/wp-content/plugins/child-theme-configurator/includes/classes/CSS.php on line 971
[02-Oct-2023 15:08:35 UTC] PHP Parse error:  syntax error, unexpected identifier "tête", expecting ")" in /Users/meroua16/Local Sites/planty-6/app/public/wp-content/themes/blankslate-child/functions.php on line 22
[02-Oct-2023 15:08:35 UTC] PHP Warning:  Trying to access array offset on value of type bool in /Users/meroua16/Local Sites/planty-6/app/public/wp-includes/class-wp-recovery-mode-email-service.php on line 367
[02-Oct-2023 15:08:35 UTC] PHP Warning:  Trying to access array offset on value of type bool in /Users/meroua16/Local Sites/planty-6/app/public/wp-includes/class-wp-recovery-mode-email-service.php on line 368
[02-Oct-2023 15:08:38 UTC] PHP Parse error:  syntax error, unexpected identifier "tête", expecting ")" in /Users/meroua16/Local Sites/planty-6/app/public/wp-content/themes/blankslate-child/functions.php on line 22
[02-Oct-2023 15:08:38 UTC] PHP Parse error:  syntax error, unexpected identifier "tête", expecting ")" in /Users/meroua16/Local Sites/planty-6/app/public/wp-content/themes/blankslate-child/functions.php on line 22
[02-Oct-2023 15:08:40 UTC] PHP Parse error:  syntax error, unexpected identifier "tête", expecting ")" in /Users/meroua16/Local Sites/planty-6/app/public/wp-content/themes/blankslate-child/functions.php on line 22
[02-Oct-2023 15:08:40 UTC] PHP Parse error:  syntax error, unexpected identifier "tête", expecting ")" in /Users/meroua16/Local Sites/planty-6/app/public/wp-content/themes/blankslate-child/functions.php on line 22
[02-Oct-2023 15:11:16 UTC] PHP Warning:  filemtime(): stat failed for /Users/meroua16/Local Sites/planty-6/app/public/wp-content/themes/blankslate-child/css/theme.css in /Users/meroua16/Local Sites/planty-6/app/public/wp-content/themes/blankslate-child/functions.php on line 20
[02-Oct-2023 15:11:16 UTC] PHP Warning:  filemtime(): stat failed for /Users/meroua16/Local Sites/planty-6/app/public/wp-content/themes/blankslate-child/css/theme.css in /Users/meroua16/Local Sites/planty-6/app/public/wp-content/themes/blankslate-child/functions.php on line 20
[02-Oct-2023 15:12:12 UTC] PHP Warning:  filemtime(): stat failed for /Users/meroua16/Local Sites/planty-6/app/public/wp-content/themes/blankslate-child/css/theme.css in /Users/meroua16/Local Sites/planty-6/app/public/wp-content/themes/blankslate-child/functions.php on line 20
[02-Oct-2023 15:12:12 UTC] PHP Warning:  filemtime(): stat failed for /Users/meroua16/Local Sites/planty-6/app/public/wp-content/themes/blankslate-child/css/theme.css in /Users/meroua16/Local Sites/planty-6/app/public/wp-content/themes/blankslate-child/functions.php on line 20
[02-Oct-2023 15:12:45 UTC] PHP Warning:  filemtime(): stat failed for /Users/meroua16/Local Sites/planty-6/app/public/wp-content/themes/blankslate-child/css/theme.css in /Users/meroua16/Local Sites/planty-6/app/public/wp-content/themes/blankslate-child/functions.php on line 20
[02-Oct-2023 15:12:45 UTC] PHP Warning:  filemtime(): stat failed for /Users/meroua16/Local Sites/planty-6/app/public/wp-content/themes/blankslate-child/css/theme.css in /Users/meroua16/Local Sites/planty-6/app/public/wp-content/themes/blankslate-child/functions.php on line 20
[02-Oct-2023 15:17:13 UTC] PHP Warning:  filemtime(): stat failed for /Users/meroua16/Local Sites/planty-6/app/public/wp-content/themes/blankslate-child/css/theme.css in /Users/meroua16/Local Sites/planty-6/app/public/wp-content/themes/blankslate-child/functions.php on line 20
[02-Oct-2023 15:17:13 UTC] PHP Warning:  filemtime(): stat failed for /Users/meroua16/Local Sites/planty-6/app/public/wp-content/themes/blankslate-child/css/theme.css in /Users/meroua16/Local Sites/planty-6/app/public/wp-content/themes/blankslate-child/functions.php on line 20
[02-Oct-2023 15:19:24 UTC] PHP Warning:  filemtime(): stat failed for /Users/meroua16/Local Sites/planty-6/app/public/wp-content/themes/blankslate-child/css/theme.css in /Users/meroua16/Local Sites/planty-6/app/public/wp-content/themes/blankslate-child/functions.php on line 20
[02-Oct-2023 15:19:24 UTC] PHP Warning:  filemtime(): stat failed for /Users/meroua16/Local Sites/planty-6/app/public/wp-content/themes/blankslate-child/css/theme.css in /Users/meroua16/Local Sites/planty-6/app/public/wp-content/themes/blankslate-child/functions.php on line 20
[02-Oct-2023 15:23:32 UTC] PHP Warning:  filemtime(): stat failed for /Users/meroua16/Local Sites/planty-6/app/public/wp-content/themes/blankslate-child/css/theme.css in /Users/meroua16/Local Sites/planty-6/app/public/wp-content/themes/blankslate-child/functions.php on line 20
[02-Oct-2023 15:23:32 UTC] PHP Warning:  filemtime(): stat failed for /Users/meroua16/Local Sites/planty-6/app/public/wp-content/themes/blankslate-child/css/theme.css in /Users/meroua16/Local Sites/planty-6/app/public/wp-content/themes/blankslate-child/functions.php on line 20
[02-Oct-2023 15:25:04 UTC] PHP Warning:  filemtime(): stat failed for /Users/meroua16/Local Sites/planty-6/app/public/wp-content/themes/blankslate-child/css/theme.css in /Users/meroua16/Local Sites/planty-6/app/public/wp-content/themes/blankslate-child/functions.php on line 20
[02-Oct-2023 15:25:04 UTC] PHP Warning:  filemtime(): stat failed for /Users/meroua16/Local Sites/planty-6/app/public/wp-content/themes/blankslate-child/css/theme.css in /Users/meroua16/Local Sites/planty-6/app/public/wp-content/themes/blankslate-child/functions.php on line 20
[02-Oct-2023 15:26:17 UTC] PHP Warning:  filemtime(): stat failed for /Users/meroua16/Local Sites/planty-6/app/public/wp-content/themes/blankslate-child/css/style.css in /Users/meroua16/Local Sites/planty-6/app/public/wp-content/themes/blankslate-child/functions.php on line 20
[02-Oct-2023 15:26:17 UTC] PHP Warning:  filemtime(): stat failed for /Users/meroua16/Local Sites/planty-6/app/public/wp-content/themes/blankslate-child/css/style.css in /Users/meroua16/Local Sites/planty-6/app/public/wp-content/themes/blankslate-child/functions.php on line 20
[02-Oct-2023 15:31:30 UTC] PHP Warning:  Attempt to read property "title" on null in /Users/meroua16/Local Sites/planty-6/app/public/wp-includes/class-wp-customize-widgets.php on line 905
[02-Oct-2023 16:19:12 UTC] PHP Warning:  Une erreur imprévue est survenue. Il pourrait y avoir un problème avec WordPress.org ou la configuration de ce serveur. Si vous continuez à rencontrer ce problème, veuillez vous rendre sur les <a href="https://wpfr.net/support">forums de support</a>. (WordPress n’a pas pu établir de connexion sécurisée vers WordPress.org. Veuillez contacter l’administrateur ou l’administratrice de votre serveur.) in /Users/meroua16/Local Sites/planty-6/app/public/wp-admin/includes/update.php on line 154
[02-Oct-2023 16:23:55 UTC] PHP Warning:  Undefined variable $qsid in /Users/meroua16/Local Sites/planty-6/app/public/wp-content/plugins/child-theme-configurator/includes/classes/CSS.php on line 958
[02-Oct-2023 16:23:55 UTC] PHP Warning:  Undefined variable $qsid in /Users/meroua16/Local Sites/planty-6/app/public/wp-content/plugins/child-theme-configurator/includes/classes/CSS.php on line 960
[02-Oct-2023 16:23:55 UTC] PHP Warning:  Undefined variable $qsid in /Users/meroua16/Local Sites/planty-6/app/public/wp-content/plugins/child-theme-configurator/includes/classes/CSS.php on line 967
[02-Oct-2023 16:23:55 UTC] PHP Warning:  Undefined variable $qsid in /Users/meroua16/Local Sites/planty-6/app/public/wp-content/plugins/child-theme-configurator/includes/classes/CSS.php on line 968
[02-Oct-2023 16:23:55 UTC] PHP Warning:  Undefined variable $qsid in /Users/meroua16/Local Sites/planty-6/app/public/wp-content/plugins/child-theme-configurator/includes/classes/CSS.php on line 971
[02-Oct-2023 16:24:12 UTC] PHP Warning:  Undefined variable $qsid in /Users/meroua16/Local Sites/planty-6/app/public/wp-content/plugins/child-theme-configurator/includes/classes/CSS.php on line 958
[02-Oct-2023 16:24:12 UTC] PHP Warning:  Undefined variable $qsid in /Users/meroua16/Local Sites/planty-6/app/public/wp-content/plugins/child-theme-configurator/includes/classes/CSS.php on line 960
[02-Oct-2023 16:24:12 UTC] PHP Warning:  Undefined variable $qsid in /Users/meroua16/Local Sites/planty-6/app/public/wp-content/plugins/child-theme-configurator/includes/classes/CSS.php on line 967
[02-Oct-2023 16:24:12 UTC] PHP Warning:  Undefined variable $qsid in /Users/meroua16/Local Sites/planty-6/app/public/wp-content/plugins/child-theme-configurator/includes/classes/CSS.php on line 968
[02-Oct-2023 16:24:12 UTC] PHP Warning:  Undefined variable $qsid in /Users/meroua16/Local Sites/planty-6/app/public/wp-content/plugins/child-theme-configurator/includes/classes/CSS.php on line 971
[03-Oct-2023 07:48:43 UTC] PHP Warning:  Une erreur imprévue est survenue. Il pourrait y avoir un problème avec WordPress.org ou la configuration de ce serveur. Si vous continuez à rencontrer ce problème, veuillez vous rendre sur les <a href="https://wpfr.net/support">forums de support</a>. (WordPress n’a pas pu établir de connexion sécurisée vers WordPress.org. Veuillez contacter l’administrateur ou l’administratrice de votre serveur.) in /Users/meroua16/Local Sites/planty-6/app/public/wp-includes/update.php on line 730
[03-Oct-2023 07:48:48 UTC] PHP Warning:  Une erreur imprévue est survenue. Il pourrait y avoir un problème avec WordPress.org ou la configuration de ce serveur. Si vous continuez à rencontrer ce problème, veuillez vous rendre sur les <a href="https://wpfr.net/support">forums de support</a>. (WordPress n’a pas pu établir de connexion sécurisée vers WordPress.org. Veuillez contacter l’administrateur ou l’administratrice de votre serveur.) in /Users/meroua16/Local Sites/planty-6/app/public/wp-admin/includes/update.php on line 154
[03-Oct-2023 07:58:49 UTC] PHP Warning:  Une erreur imprévue est survenue. Il pourrait y avoir un problème avec WordPress.org ou la configuration de ce serveur. Si vous continuez à rencontrer ce problème, veuillez vous rendre sur les <a href="https://wpfr.net/support">forums de support</a>. (WordPress n’a pas pu établir de connexion sécurisée vers WordPress.org. Veuillez contacter l’administrateur ou l’administratrice de votre serveur.) in /Users/meroua16/Local Sites/planty-6/app/public/wp-admin/includes/update.php on line 154
